<?xml version="1.0" encoding="UTF-8"?>
<testsuite xmlns:xsi="http://www.w3.org/2001/XMLSchema-instance" xsi:noNamespaceSchemaLocation="https://maven.apache.org/surefire/maven-surefire-plugin/xsd/surefire-test-report.xsd" name="com.liujinshui.DemoErpApplicationTests" time="6.142" tests="1" errors="0" skipped="0" failures="0">
  <properties>
    <property name="sun.desktop" value="windows"/>
    <property name="awt.toolkit" value="sun.awt.windows.WToolkit"/>
    <property name="file.encoding.pkg" value="sun.io"/>
    <property name="java.specification.version" value="1.8"/>
    <property name="sun.cpu.isalist" value="amd64"/>
    <property name="sun.jnu.encoding" value="GBK"/>
    <property name="java.class.path" value="D:\ideaproject\demo-erp\target\test-classes;D:\ideaproject\demo-erp\target\classes;E:\Program Files\apache-maven-3.6.3\repository\org\springframework\boot\spring-boot-starter-web\2.4.4\spring-boot-starter-web-2.4.4.jar;E:\Program Files\apache-maven-3.6.3\repository\org\springframework\boot\spring-boot-starter\2.4.4\spring-boot-starter-2.4.4.jar;E:\Program Files\apache-maven-3.6.3\repository\org\springframework\boot\spring-boot-starter-logging\2.4.4\spring-boot-starter-logging-2.4.4.jar;E:\Program Files\apache-maven-3.6.3\repository\ch\qos\logback\logback-classic\1.2.3\logback-classic-1.2.3.jar;E:\Program Files\apache-maven-3.6.3\repository\ch\qos\logback\logback-core\1.2.3\logback-core-1.2.3.jar;E:\Program Files\apache-maven-3.6.3\repository\org\apache\logging\log4j\log4j-to-slf4j\2.13.3\log4j-to-slf4j-2.13.3.jar;E:\Program Files\apache-maven-3.6.3\repository\org\apache\logging\log4j\log4j-api\2.13.3\log4j-api-2.13.3.jar;E:\Program Files\apache-maven-3.6.3\repository\org\slf4j\jul-to-slf4j\1.7.30\jul-to-slf4j-1.7.30.jar;E:\Program Files\apache-maven-3.6.3\repository\org\yaml\snakeyaml\1.27\snakeyaml-1.27.jar;E:\Program Files\apache-maven-3.6.3\repository\org\springframework\boot\spring-boot-starter-json\2.4.4\spring-boot-starter-json-2.4.4.jar;E:\Program Files\apache-maven-3.6.3\repository\com\fasterxml\jackson\core\jackson-databind\2.11.4\jackson-databind-2.11.4.jar;E:\Program Files\apache-maven-3.6.3\repository\com\fasterxml\jackson\core\jackson-annotations\2.11.4\jackson-annotations-2.11.4.jar;E:\Program Files\apache-maven-3.6.3\repository\com\fasterxml\jackson\core\jackson-core\2.11.4\jackson-core-2.11.4.jar;E:\Program Files\apache-maven-3.6.3\repository\com\fasterxml\jackson\datatype\jackson-datatype-jdk8\2.11.4\jackson-datatype-jdk8-2.11.4.jar;E:\Program Files\apache-maven-3.6.3\repository\com\fasterxml\jackson\datatype\jackson-datatype-jsr310\2.11.4\jackson-datatype-jsr310-2.11.4.jar;E:\Program Files\apache-maven-3.6.3\repository\com\fasterxml\jackson\module\jackson-module-parameter-names\2.11.4\jackson-module-parameter-names-2.11.4.jar;E:\Program Files\apache-maven-3.6.3\repository\org\springframework\spring-web\5.3.5\spring-web-5.3.5.jar;E:\Program Files\apache-maven-3.6.3\repository\org\springframework\spring-beans\5.3.5\spring-beans-5.3.5.jar;E:\Program Files\apache-maven-3.6.3\repository\org\springframework\spring-webmvc\5.3.5\spring-webmvc-5.3.5.jar;E:\Program Files\apache-maven-3.6.3\repository\org\springframework\spring-aop\5.3.5\spring-aop-5.3.5.jar;E:\Program Files\apache-maven-3.6.3\repository\org\springframework\spring-context\5.3.5\spring-context-5.3.5.jar;E:\Program Files\apache-maven-3.6.3\repository\org\springframework\spring-expression\5.3.5\spring-expression-5.3.5.jar;E:\Program Files\apache-maven-3.6.3\repository\org\springframework\boot\spring-boot-starter-tomcat\2.4.4\spring-boot-starter-tomcat-2.4.4.jar;E:\Program Files\apache-maven-3.6.3\repository\jakarta\annotation\jakarta.annotation-api\1.3.5\jakarta.annotation-api-1.3.5.jar;E:\Program Files\apache-maven-3.6.3\repository\org\apache\tomcat\embed\tomcat-embed-core\9.0.44\tomcat-embed-core-9.0.44.jar;E:\Program Files\apache-maven-3.6.3\repository\org\glassfish\jakarta.el\3.0.3\jakarta.el-3.0.3.jar;E:\Program Files\apache-maven-3.6.3\repository\org\apache\tomcat\embed\tomcat-embed-websocket\9.0.44\tomcat-embed-websocket-9.0.44.jar;E:\Program Files\apache-maven-3.6.3\repository\org\springframework\boot\spring-boot-starter-test\2.4.4\spring-boot-starter-test-2.4.4.jar;E:\Program Files\apache-maven-3.6.3\repository\org\springframework\boot\spring-boot-test\2.4.4\spring-boot-test-2.4.4.jar;E:\Program Files\apache-maven-3.6.3\repository\org\springframework\boot\spring-boot-test-autoconfigure\2.4.4\spring-boot-test-autoconfigure-2.4.4.jar;E:\Program Files\apache-maven-3.6.3\repository\com\jayway\jsonpath\json-path\2.4.0\json-path-2.4.0.jar;E:\Program Files\apache-maven-3.6.3\repository\net\minidev\json-smart\2.3\json-smart-2.3.jar;E:\Program Files\apache-maven-3.6.3\repository\net\minidev\accessors-smart\1.2\accessors-smart-1.2.jar;E:\Program Files\apache-maven-3.6.3\repository\jakarta\xml\bind\jakarta.xml.bind-api\2.3.3\jakarta.xml.bind-api-2.3.3.jar;E:\Program Files\apache-maven-3.6.3\repository\jakarta\activation\jakarta.activation-api\1.2.2\jakarta.activation-api-1.2.2.jar;E:\Program Files\apache-maven-3.6.3\repository\org\assertj\assertj-core\3.18.1\assertj-core-3.18.1.jar;E:\Program Files\apache-maven-3.6.3\repository\org\hamcrest\hamcrest\2.2\hamcrest-2.2.jar;E:\Program Files\apache-maven-3.6.3\repository\org\junit\jupiter\junit-jupiter\5.7.1\junit-jupiter-5.7.1.jar;E:\Program Files\apache-maven-3.6.3\repository\org\junit\jupiter\junit-jupiter-api\5.7.1\junit-jupiter-api-5.7.1.jar;E:\Program Files\apache-maven-3.6.3\repository\org\apiguardian\apiguardian-api\1.1.0\apiguardian-api-1.1.0.jar;E:\Program Files\apache-maven-3.6.3\repository\org\opentest4j\opentest4j\1.2.0\opentest4j-1.2.0.jar;E:\Program Files\apache-maven-3.6.3\repository\org\junit\platform\junit-platform-commons\1.7.1\junit-platform-commons-1.7.1.jar;E:\Program Files\apache-maven-3.6.3\repository\org\junit\jupiter\junit-jupiter-params\5.7.1\junit-jupiter-params-5.7.1.jar;E:\Program Files\apache-maven-3.6.3\repository\org\junit\jupiter\junit-jupiter-engine\5.7.1\junit-jupiter-engine-5.7.1.jar;E:\Program Files\apache-maven-3.6.3\repository\org\junit\platform\junit-platform-engine\1.7.1\junit-platform-engine-1.7.1.jar;E:\Program Files\apache-maven-3.6.3\repository\org\mockito\mockito-core\3.6.28\mockito-core-3.6.28.jar;E:\Program Files\apache-maven-3.6.3\repository\net\bytebuddy\byte-buddy\1.10.22\byte-buddy-1.10.22.jar;E:\Program Files\apache-maven-3.6.3\repository\net\bytebuddy\byte-buddy-agent\1.10.22\byte-buddy-agent-1.10.22.jar;E:\Program Files\apache-maven-3.6.3\repository\org\objenesis\objenesis\3.1\objenesis-3.1.jar;E:\Program Files\apache-maven-3.6.3\repository\org\mockito\mockito-junit-jupiter\3.6.28\mockito-junit-jupiter-3.6.28.jar;E:\Program Files\apache-maven-3.6.3\repository\org\skyscreamer\jsonassert\1.5.0\jsonassert-1.5.0.jar;E:\Program Files\apache-maven-3.6.3\repository\com\vaadin\external\google\android-json\0.0.20131108.vaadin1\android-json-0.0.20131108.vaadin1.jar;E:\Program Files\apache-maven-3.6.3\repository\org\springframework\spring-core\5.3.5\spring-core-5.3.5.jar;E:\Program Files\apache-maven-3.6.3\repository\org\springframework\spring-jcl\5.3.5\spring-jcl-5.3.5.jar;E:\Program Files\apache-maven-3.6.3\repository\org\springframework\spring-test\5.3.5\spring-test-5.3.5.jar;E:\Program Files\apache-maven-3.6.3\repository\org\xmlunit\xmlunit-core\2.7.0\xmlunit-core-2.7.0.jar;E:\Program Files\apache-maven-3.6.3\repository\org\springframework\boot\spring-boot-devtools\2.4.4\spring-boot-devtools-2.4.4.jar;E:\Program Files\apache-maven-3.6.3\repository\org\springframework\boot\spring-boot\2.4.4\spring-boot-2.4.4.jar;E:\Program Files\apache-maven-3.6.3\repository\org\springframework\boot\spring-boot-autoconfigure\2.4.4\spring-boot-autoconfigure-2.4.4.jar;E:\Program Files\apache-maven-3.6.3\repository\org\springframework\boot\spring-boot-starter-thymeleaf\2.4.4\spring-boot-starter-thymeleaf-2.4.4.jar;E:\Program Files\apache-maven-3.6.3\repository\org\thymeleaf\thymeleaf-spring5\3.0.12.RELEASE\thymeleaf-spring5-3.0.12.RELEASE.jar;E:\Program Files\apache-maven-3.6.3\repository\org\thymeleaf\thymeleaf\3.0.12.RELEASE\thymeleaf-3.0.12.RELEASE.jar;E:\Program Files\apache-maven-3.6.3\repository\org\attoparser\attoparser\2.0.5.RELEASE\attoparser-2.0.5.RELEASE.jar;E:\Program Files\apache-maven-3.6.3\repository\org\unbescape\unbescape\1.1.6.RELEASE\unbescape-1.1.6.RELEASE.jar;E:\Program Files\apache-maven-3.6.3\repository\org\thymeleaf\extras\thymeleaf-extras-java8time\3.0.4.RELEASE\thymeleaf-extras-java8time-3.0.4.RELEASE.jar;E:\Program Files\apache-maven-3.6.3\repository\mysql\mysql-connector-java\8.0.23\mysql-connector-java-8.0.23.jar;E:\Program Files\apache-maven-3.6.3\repository\com\baomidou\mybatis-plus-boot-starter\3.2.0\mybatis-plus-boot-starter-3.2.0.jar;E:\Program Files\apache-maven-3.6.3\repository\com\baomidou\mybatis-plus\3.2.0\mybatis-plus-3.2.0.jar;E:\Program Files\apache-maven-3.6.3\repository\org\springframework\boot\spring-boot-starter-jdbc\2.4.4\spring-boot-starter-jdbc-2.4.4.jar;E:\Program Files\apache-maven-3.6.3\repository\com\zaxxer\HikariCP\3.4.5\HikariCP-3.4.5.jar;E:\Program Files\apache-maven-3.6.3\repository\org\springframework\spring-jdbc\5.3.5\spring-jdbc-5.3.5.jar;E:\Program Files\apache-maven-3.6.3\repository\org\springframework\spring-tx\5.3.5\spring-tx-5.3.5.jar;E:\Program Files\apache-maven-3.6.3\repository\org\apache\shiro\shiro-spring\1.4.1\shiro-spring-1.4.1.jar;E:\Program Files\apache-maven-3.6.3\repository\org\apache\shiro\shiro-core\1.4.1\shiro-core-1.4.1.jar;E:\Program Files\apache-maven-3.6.3\repository\org\apache\shiro\shiro-lang\1.4.1\shiro-lang-1.4.1.jar;E:\Program Files\apache-maven-3.6.3\repository\org\apache\shiro\shiro-cache\1.4.1\shiro-cache-1.4.1.jar;E:\Program Files\apache-maven-3.6.3\repository\org\apache\shiro\shiro-crypto-hash\1.4.1\shiro-crypto-hash-1.4.1.jar;E:\Program Files\apache-maven-3.6.3\repository\org\apache\shiro\shiro-crypto-core\1.4.1\shiro-crypto-core-1.4.1.jar;E:\Program Files\apache-maven-3.6.3\repository\org\apache\shiro\shiro-crypto-cipher\1.4.1\shiro-crypto-cipher-1.4.1.jar;E:\Program Files\apache-maven-3.6.3\repository\org\apache\shiro\shiro-config-core\1.4.1\shiro-config-core-1.4.1.jar;E:\Program Files\apache-maven-3.6.3\repository\org\apache\shiro\shiro-config-ogdl\1.4.1\shiro-config-ogdl-1.4.1.jar;E:\Program Files\apache-maven-3.6.3\repository\commons-beanutils\commons-beanutils\1.9.3\commons-beanutils-1.9.3.jar;E:\Program Files\apache-maven-3.6.3\repository\commons-collections\commons-collections\3.2.2\commons-collections-3.2.2.jar;E:\Program Files\apache-maven-3.6.3\repository\org\apache\shiro\shiro-event\1.4.1\shiro-event-1.4.1.jar;E:\Program Files\apache-maven-3.6.3\repository\org\apache\shiro\shiro-web\1.4.1\shiro-web-1.4.1.jar;E:\Program Files\apache-maven-3.6.3\repository\com\github\theborakompanioni\thymeleaf-extras-shiro\2.0.0\thymeleaf-extras-shiro-2.0.0.jar;E:\Program Files\apache-maven-3.6.3\repository\com\alibaba\druid-spring-boot-starter\1.1.18\druid-spring-boot-starter-1.1.18.jar;E:\Program Files\apache-maven-3.6.3\repository\com\alibaba\druid\1.1.18\druid-1.1.18.jar;E:\Program Files\apache-maven-3.6.3\repository\org\slf4j\slf4j-api\1.7.30\slf4j-api-1.7.30.jar;E:\Program Files\apache-maven-3.6.3\repository\cn\hutool\hutool-all\4.6.6\hutool-all-4.6.6.jar;E:\Program Files\apache-maven-3.6.3\repository\com\alibaba\fastjson\1.2.54\fastjson-1.2.54.jar;E:\Program Files\apache-maven-3.6.3\repository\com\baomidou\mybatis-plus-generator\3.2.0\mybatis-plus-generator-3.2.0.jar;E:\Program Files\apache-maven-3.6.3\repository\com\baomidou\mybatis-plus-extension\3.2.0\mybatis-plus-extension-3.2.0.jar;E:\Program Files\apache-maven-3.6.3\repository\com\baomidou\mybatis-plus-core\3.2.0\mybatis-plus-core-3.2.0.jar;E:\Program Files\apache-maven-3.6.3\repository\com\baomidou\mybatis-plus-annotation\3.2.0\mybatis-plus-annotation-3.2.0.jar;E:\Program Files\apache-maven-3.6.3\repository\com\github\jsqlparser\jsqlparser\2.1\jsqlparser-2.1.jar;E:\Program Files\apache-maven-3.6.3\repository\org\mybatis\mybatis\3.5.2\mybatis-3.5.2.jar;E:\Program Files\apache-maven-3.6.3\repository\org\mybatis\mybatis-spring\2.0.2\mybatis-spring-2.0.2.jar;E:\Program Files\apache-maven-3.6.3\repository\org\apache\velocity\velocity-engine-core\2.1\velocity-engine-core-2.1.jar;E:\Program Files\apache-maven-3.6.3\repository\org\freemarker\freemarker\2.3.29\freemarker-2.3.29.jar;E:\Program Files\apache-maven-3.6.3\repository\com\ibeetl\beetl\3.0.11.RELEASE\beetl-3.0.11.RELEASE.jar;E:\Program Files\apache-maven-3.6.3\repository\org\antlr\antlr4-runtime\4.7.2\antlr4-runtime-4.7.2.jar;E:\Program Files\apache-maven-3.6.3\repository\org\ow2\asm\asm\5.2\asm-5.2.jar;E:\Program Files\apache-maven-3.6.3\repository\org\ow2\asm\asm-commons\5.2\asm-commons-5.2.jar;E:\Program Files\apache-maven-3.6.3\repository\org\ow2\asm\asm-tree\5.2\asm-tree-5.2.jar;E:\Program Files\apache-maven-3.6.3\repository\org\apache\commons\commons-lang3\3.9\commons-lang3-3.9.jar;E:\Program Files\apache-maven-3.6.3\repository\commons-io\commons-io\2.6\commons-io-2.6.jar;E:\Program Files\apache-maven-3.6.3\repository\commons-fileupload\commons-fileupload\1.3.3\commons-fileupload-1.3.3.jar;"/>
    <property name="java.vm.vendor" value="Oracle Corporation"/>
    <property name="sun.arch.data.model" value="64"/>
    <property name="user.variant" value=""/>
    <property name="java.vendor.url" value="http://java.oracle.com/"/>
    <property name="user.timezone" value="Asia/Shanghai"/>
    <property name="java.vm.specification.version" value="1.8"/>
    <property name="os.name" value="Windows 10"/>
    <property name="user.country" value="CN"/>
    <property name="sun.java.launcher" value="SUN_STANDARD"/>
    <property name="sun.boot.library.path" value="E:\jdk\jre\bin"/>
    <property name="sun.java.command" value="C:\Users\raino\AppData\Local\Temp\surefire5136820008562111373\surefirebooter7543492789441634538.jar C:\Users\raino\AppData\Local\Temp\surefire5136820008562111373 2021-04-09T21-29-36_056-jvmRun1 surefire1216913550163968047tmp surefire_02771554661983247304tmp"/>
    <property name="surefire.test.class.path" value="D:\ideaproject\demo-erp\target\test-classes;D:\ideaproject\demo-erp\target\classes;E:\Program Files\apache-maven-3.6.3\repository\org\springframework\boot\spring-boot-starter-web\2.4.4\spring-boot-starter-web-2.4.4.jar;E:\Program Files\apache-maven-3.6.3\repository\org\springframework\boot\spring-boot-starter\2.4.4\spring-boot-starter-2.4.4.jar;E:\Program Files\apache-maven-3.6.3\repository\org\springframework\boot\spring-boot-starter-logging\2.4.4\spring-boot-starter-logging-2.4.4.jar;E:\Program Files\apache-maven-3.6.3\repository\ch\qos\logback\logback-classic\1.2.3\logback-classic-1.2.3.jar;E:\Program Files\apache-maven-3.6.3\repository\ch\qos\logback\logback-core\1.2.3\logback-core-1.2.3.jar;E:\Program Files\apache-maven-3.6.3\repository\org\apache\logging\log4j\log4j-to-slf4j\2.13.3\log4j-to-slf4j-2.13.3.jar;E:\Program Files\apache-maven-3.6.3\repository\org\apache\logging\log4j\log4j-api\2.13.3\log4j-api-2.13.3.jar;E:\Program Files\apache-maven-3.6.3\repository\org\slf4j\jul-to-slf4j\1.7.30\jul-to-slf4j-1.7.30.jar;E:\Program Files\apache-maven-3.6.3\repository\org\yaml\snakeyaml\1.27\snakeyaml-1.27.jar;E:\Program Files\apache-maven-3.6.3\repository\org\springframework\boot\spring-boot-starter-json\2.4.4\spring-boot-starter-json-2.4.4.jar;E:\Program Files\apache-maven-3.6.3\repository\com\fasterxml\jackson\core\jackson-databind\2.11.4\jackson-databind-2.11.4.jar;E:\Program Files\apache-maven-3.6.3\repository\com\fasterxml\jackson\core\jackson-annotations\2.11.4\jackson-annotations-2.11.4.jar;E:\Program Files\apache-maven-3.6.3\repository\com\fasterxml\jackson\core\jackson-core\2.11.4\jackson-core-2.11.4.jar;E:\Program Files\apache-maven-3.6.3\repository\com\fasterxml\jackson\datatype\jackson-datatype-jdk8\2.11.4\jackson-datatype-jdk8-2.11.4.jar;E:\Program Files\apache-maven-3.6.3\repository\com\fasterxml\jackson\datatype\jackson-datatype-jsr310\2.11.4\jackson-datatype-jsr310-2.11.4.jar;E:\Program Files\apache-maven-3.6.3\repository\com\fasterxml\jackson\module\jackson-module-parameter-names\2.11.4\jackson-module-parameter-names-2.11.4.jar;E:\Program Files\apache-maven-3.6.3\repository\org\springframework\spring-web\5.3.5\spring-web-5.3.5.jar;E:\Program Files\apache-maven-3.6.3\repository\org\springframework\spring-beans\5.3.5\spring-beans-5.3.5.jar;E:\Program Files\apache-maven-3.6.3\repository\org\springframework\spring-webmvc\5.3.5\spring-webmvc-5.3.5.jar;E:\Program Files\apache-maven-3.6.3\repository\org\springframework\spring-aop\5.3.5\spring-aop-5.3.5.jar;E:\Program Files\apache-maven-3.6.3\repository\org\springframework\spring-context\5.3.5\spring-context-5.3.5.jar;E:\Program Files\apache-maven-3.6.3\repository\org\springframework\spring-expression\5.3.5\spring-expression-5.3.5.jar;E:\Program Files\apache-maven-3.6.3\repository\org\springframework\boot\spring-boot-starter-tomcat\2.4.4\spring-boot-starter-tomcat-2.4.4.jar;E:\Program Files\apache-maven-3.6.3\repository\jakarta\annotation\jakarta.annotation-api\1.3.5\jakarta.annotation-api-1.3.5.jar;E:\Program Files\apache-maven-3.6.3\repository\org\apache\tomcat\embed\tomcat-embed-core\9.0.44\tomcat-embed-core-9.0.44.jar;E:\Program Files\apache-maven-3.6.3\repository\org\glassfish\jakarta.el\3.0.3\jakarta.el-3.0.3.jar;E:\Program Files\apache-maven-3.6.3\repository\org\apache\tomcat\embed\tomcat-embed-websocket\9.0.44\tomcat-embed-websocket-9.0.44.jar;E:\Program Files\apache-maven-3.6.3\repository\org\springframework\boot\spring-boot-starter-test\2.4.4\spring-boot-starter-test-2.4.4.jar;E:\Program Files\apache-maven-3.6.3\repository\org\springframework\boot\spring-boot-test\2.4.4\spring-boot-test-2.4.4.jar;E:\Program Files\apache-maven-3.6.3\repository\org\springframework\boot\spring-boot-test-autoconfigure\2.4.4\spring-boot-test-autoconfigure-2.4.4.jar;E:\Program Files\apache-maven-3.6.3\repository\com\jayway\jsonpath\json-path\2.4.0\json-path-2.4.0.jar;E:\Program Files\apache-maven-3.6.3\repository\net\minidev\json-smart\2.3\json-smart-2.3.jar;E:\Program Files\apache-maven-3.6.3\repository\net\minidev\accessors-smart\1.2\accessors-smart-1.2.jar;E:\Program Files\apache-maven-3.6.3\repository\jakarta\xml\bind\jakarta.xml.bind-api\2.3.3\jakarta.xml.bind-api-2.3.3.jar;E:\Program Files\apache-maven-3.6.3\repository\jakarta\activation\jakarta.activation-api\1.2.2\jakarta.activation-api-1.2.2.jar;E:\Program Files\apache-maven-3.6.3\repository\org\assertj\assertj-core\3.18.1\assertj-core-3.18.1.jar;E:\Program Files\apache-maven-3.6.3\repository\org\hamcrest\hamcrest\2.2\hamcrest-2.2.jar;E:\Program Files\apache-maven-3.6.3\repository\org\junit\jupiter\junit-jupiter\5.7.1\junit-jupiter-5.7.1.jar;E:\Program Files\apache-maven-3.6.3\repository\org\junit\jupiter\junit-jupiter-api\5.7.1\junit-jupiter-api-5.7.1.jar;E:\Program Files\apache-maven-3.6.3\repository\org\apiguardian\apiguardian-api\1.1.0\apiguardian-api-1.1.0.jar;E:\Program Files\apache-maven-3.6.3\repository\org\opentest4j\opentest4j\1.2.0\opentest4j-1.2.0.jar;E:\Program Files\apache-maven-3.6.3\repository\org\junit\platform\junit-platform-commons\1.7.1\junit-platform-commons-1.7.1.jar;E:\Program Files\apache-maven-3.6.3\repository\org\junit\jupiter\junit-jupiter-params\5.7.1\junit-jupiter-params-5.7.1.jar;E:\Program Files\apache-maven-3.6.3\repository\org\junit\jupiter\junit-jupiter-engine\5.7.1\junit-jupiter-engine-5.7.1.jar;E:\Program Files\apache-maven-3.6.3\repository\org\junit\platform\junit-platform-engine\1.7.1\junit-platform-engine-1.7.1.jar;E:\Program Files\apache-maven-3.6.3\repository\org\mockito\mockito-core\3.6.28\mockito-core-3.6.28.jar;E:\Program Files\apache-maven-3.6.3\repository\net\bytebuddy\byte-buddy\1.10.22\byte-buddy-1.10.22.jar;E:\Program Files\apache-maven-3.6.3\repository\net\bytebuddy\byte-buddy-agent\1.10.22\byte-buddy-agent-1.10.22.jar;E:\Program Files\apache-maven-3.6.3\repository\org\objenesis\objenesis\3.1\objenesis-3.1.jar;E:\Program Files\apache-maven-3.6.3\repository\org\mockito\mockito-junit-jupiter\3.6.28\mockito-junit-jupiter-3.6.28.jar;E:\Program Files\apache-maven-3.6.3\repository\org\skyscreamer\jsonassert\1.5.0\jsonassert-1.5.0.jar;E:\Program Files\apache-maven-3.6.3\repository\com\vaadin\external\google\android-json\0.0.20131108.vaadin1\android-json-0.0.20131108.vaadin1.jar;E:\Program Files\apache-maven-3.6.3\repository\org\springframework\spring-core\5.3.5\spring-core-5.3.5.jar;E:\Program Files\apache-maven-3.6.3\repository\org\springframework\spring-jcl\5.3.5\spring-jcl-5.3.5.jar;E:\Program Files\apache-maven-3.6.3\repository\org\springframework\spring-test\5.3.5\spring-test-5.3.5.jar;E:\Program Files\apache-maven-3.6.3\repository\org\xmlunit\xmlunit-core\2.7.0\xmlunit-core-2.7.0.jar;E:\Program Files\apache-maven-3.6.3\repository\org\springframework\boot\spring-boot-devtools\2.4.4\spring-boot-devtools-2.4.4.jar;E:\Program Files\apache-maven-3.6.3\repository\org\springframework\boot\spring-boot\2.4.4\spring-boot-2.4.4.jar;E:\Program Files\apache-maven-3.6.3\repository\org\springframework\boot\spring-boot-autoconfigure\2.4.4\spring-boot-autoconfigure-2.4.4.jar;E:\Program Files\apache-maven-3.6.3\repository\org\springframework\boot\spring-boot-starter-thymeleaf\2.4.4\spring-boot-starter-thymeleaf-2.4.4.jar;E:\Program Files\apache-maven-3.6.3\repository\org\thymeleaf\thymeleaf-spring5\3.0.12.RELEASE\thymeleaf-spring5-3.0.12.RELEASE.jar;E:\Program Files\apache-maven-3.6.3\repository\org\thymeleaf\thymeleaf\3.0.12.RELEASE\thymeleaf-3.0.12.RELEASE.jar;E:\Program Files\apache-maven-3.6.3\repository\org\attoparser\attoparser\2.0.5.RELEASE\attoparser-2.0.5.RELEASE.jar;E:\Program Files\apache-maven-3.6.3\repository\org\unbescape\unbescape\1.1.6.RELEASE\unbescape-1.1.6.RELEASE.jar;E:\Program Files\apache-maven-3.6.3\repository\org\thymeleaf\extras\thymeleaf-extras-java8time\3.0.4.RELEASE\thymeleaf-extras-java8time-3.0.4.RELEASE.jar;E:\Program Files\apache-maven-3.6.3\repository\mysql\mysql-connector-java\8.0.23\mysql-connector-java-8.0.23.jar;E:\Program Files\apache-maven-3.6.3\repository\com\baomidou\mybatis-plus-boot-starter\3.2.0\mybatis-plus-boot-starter-3.2.0.jar;E:\Program Files\apache-maven-3.6.3\repository\com\baomidou\mybatis-plus\3.2.0\mybatis-plus-3.2.0.jar;E:\Program Files\apache-maven-3.6.3\repository\org\springframework\boot\spring-boot-starter-jdbc\2.4.4\spring-boot-starter-jdbc-2.4.4.jar;E:\Program Files\apache-maven-3.6.3\repository\com\zaxxer\HikariCP\3.4.5\HikariCP-3.4.5.jar;E:\Program Files\apache-maven-3.6.3\repository\org\springframework\spring-jdbc\5.3.5\spring-jdbc-5.3.5.jar;E:\Program Files\apache-maven-3.6.3\repository\org\springframework\spring-tx\5.3.5\spring-tx-5.3.5.jar;E:\Program Files\apache-maven-3.6.3\repository\org\apache\shiro\shiro-spring\1.4.1\shiro-spring-1.4.1.jar;E:\Program Files\apache-maven-3.6.3\repository\org\apache\shiro\shiro-core\1.4.1\shiro-core-1.4.1.jar;E:\Program Files\apache-maven-3.6.3\repository\org\apache\shiro\shiro-lang\1.4.1\shiro-lang-1.4.1.jar;E:\Program Files\apache-maven-3.6.3\repository\org\apache\shiro\shiro-cache\1.4.1\shiro-cache-1.4.1.jar;E:\Program Files\apache-maven-3.6.3\repository\org\apache\shiro\shiro-crypto-hash\1.4.1\shiro-crypto-hash-1.4.1.jar;E:\Program Files\apache-maven-3.6.3\repository\org\apache\shiro\shiro-crypto-core\1.4.1\shiro-crypto-core-1.4.1.jar;E:\Program Files\apache-maven-3.6.3\repository\org\apache\shiro\shiro-crypto-cipher\1.4.1\shiro-crypto-cipher-1.4.1.jar;E:\Program Files\apache-maven-3.6.3\repository\org\apache\shiro\shiro-config-core\1.4.1\shiro-config-core-1.4.1.jar;E:\Program Files\apache-maven-3.6.3\repository\org\apache\shiro\shiro-config-ogdl\1.4.1\shiro-config-ogdl-1.4.1.jar;E:\Program Files\apache-maven-3.6.3\repository\commons-beanutils\commons-beanutils\1.9.3\commons-beanutils-1.9.3.jar;E:\Program Files\apache-maven-3.6.3\repository\commons-collections\commons-collections\3.2.2\commons-collections-3.2.2.jar;E:\Program Files\apache-maven-3.6.3\repository\org\apache\shiro\shiro-event\1.4.1\shiro-event-1.4.1.jar;E:\Program Files\apache-maven-3.6.3\repository\org\apache\shiro\shiro-web\1.4.1\shiro-web-1.4.1.jar;E:\Program Files\apache-maven-3.6.3\repository\com\github\theborakompanioni\thymeleaf-extras-shiro\2.0.0\thymeleaf-extras-shiro-2.0.0.jar;E:\Program Files\apache-maven-3.6.3\repository\com\alibaba\druid-spring-boot-starter\1.1.18\druid-spring-boot-starter-1.1.18.jar;E:\Program Files\apache-maven-3.6.3\repository\com\alibaba\druid\1.1.18\druid-1.1.18.jar;E:\Program Files\apache-maven-3.6.3\repository\org\slf4j\slf4j-api\1.7.30\slf4j-api-1.7.30.jar;E:\Program Files\apache-maven-3.6.3\repository\cn\hutool\hutool-all\4.6.6\hutool-all-4.6.6.jar;E:\Program Files\apache-maven-3.6.3\repository\com\alibaba\fastjson\1.2.54\fastjson-1.2.54.jar;E:\Program Files\apache-maven-3.6.3\repository\com\baomidou\mybatis-plus-generator\3.2.0\mybatis-plus-generator-3.2.0.jar;E:\Program Files\apache-maven-3.6.3\repository\com\baomidou\mybatis-plus-extension\3.2.0\mybatis-plus-extension-3.2.0.jar;E:\Program Files\apache-maven-3.6.3\repository\com\baomidou\mybatis-plus-core\3.2.0\mybatis-plus-core-3.2.0.jar;E:\Program Files\apache-maven-3.6.3\repository\com\baomidou\mybatis-plus-annotation\3.2.0\mybatis-plus-annotation-3.2.0.jar;E:\Program Files\apache-maven-3.6.3\repository\com\github\jsqlparser\jsqlparser\2.1\jsqlparser-2.1.jar;E:\Program Files\apache-maven-3.6.3\repository\org\mybatis\mybatis\3.5.2\mybatis-3.5.2.jar;E:\Program Files\apache-maven-3.6.3\repository\org\mybatis\mybatis-spring\2.0.2\mybatis-spring-2.0.2.jar;E:\Program Files\apache-maven-3.6.3\repository\org\apache\velocity\velocity-engine-core\2.1\velocity-engine-core-2.1.jar;E:\Program Files\apache-maven-3.6.3\repository\org\freemarker\freemarker\2.3.29\freemarker-2.3.29.jar;E:\Program Files\apache-maven-3.6.3\repository\com\ibeetl\beetl\3.0.11.RELEASE\beetl-3.0.11.RELEASE.jar;E:\Program Files\apache-maven-3.6.3\repository\org\antlr\antlr4-runtime\4.7.2\antlr4-runtime-4.7.2.jar;E:\Program Files\apache-maven-3.6.3\repository\org\ow2\asm\asm\5.2\asm-5.2.jar;E:\Program Files\apache-maven-3.6.3\repository\org\ow2\asm\asm-commons\5.2\asm-commons-5.2.jar;E:\Program Files\apache-maven-3.6.3\repository\org\ow2\asm\asm-tree\5.2\asm-tree-5.2.jar;E:\Program Files\apache-maven-3.6.3\repository\org\apache\commons\commons-lang3\3.9\commons-lang3-3.9.jar;E:\Program Files\apache-maven-3.6.3\repository\commons-io\commons-io\2.6\commons-io-2.6.jar;E:\Program Files\apache-maven-3.6.3\repository\commons-fileupload\commons-fileupload\1.3.3\commons-fileupload-1.3.3.jar;"/>
    <property name="sun.cpu.endian" value="little"/>
    <property name="user.home" value="C:\Users\raino"/>
    <property name="user.language" value="zh"/>
    <property name="java.specification.vendor" value="Oracle Corporation"/>
    <property name="java.home" value="E:\jdk\jre"/>
    <property name="basedir" value="D:\ideaproject\demo-erp"/>
    <property name="file.separator" value="\"/>
    <property name="line.separator" value="&#10;"/>
    <property name="java.vm.specification.vendor" value="Oracle Corporation"/>
    <property name="java.specification.name" value="Java Platform API Specification"/>
    <property name="java.awt.graphicsenv" value="sun.awt.Win32GraphicsEnvironment"/>
    <property name="surefire.real.class.path" value="C:\Users\raino\AppData\Local\Temp\surefire5136820008562111373\surefirebooter7543492789441634538.jar"/>
    <property name="sun.boot.class.path" value="E:\jdk\jre\lib\resources.jar;E:\jdk\jre\lib\rt.jar;E:\jdk\jre\lib\sunrsasign.jar;E:\jdk\jre\lib\jsse.jar;E:\jdk\jre\lib\jce.jar;E:\jdk\jre\lib\charsets.jar;E:\jdk\jre\lib\jfr.jar;E:\jdk\jre\classes"/>
    <property name="user.script" value=""/>
    <property name="sun.management.compiler" value="HotSpot 64-Bit Tiered Compilers"/>
    <property name="java.runtime.version" value="1.8.0_271-b09"/>
    <property name="user.name" value="raino"/>
    <property name="path.separator" value=";"/>
    <property name="os.version" value="10.0"/>
    <property name="java.endorsed.dirs" value="E:\jdk\jre\lib\endorsed"/>
    <property name="java.runtime.name" value="Java(TM) SE Runtime Environment"/>
    <property name="file.encoding" value="GBK"/>
    <property name="java.vm.name" value="Java HotSpot(TM) 64-Bit Server VM"/>
    <property name="localRepository" value="E:\Program Files\apache-maven-3.6.3\repository"/>
    <property name="java.vendor.url.bug" value="http://bugreport.sun.com/bugreport/"/>
    <property name="java.io.tmpdir" value="C:\Users\raino\AppData\Local\Temp\"/>
    <property name="idea.version" value="2020.2.3"/>
    <property name="java.version" value="1.8.0_271"/>
    <property name="user.dir" value="D:\ideaproject\demo-erp"/>
    <property name="os.arch" value="amd64"/>
    <property name="java.vm.specification.name" value="Java Virtual Machine Specification"/>
    <property name="java.awt.printerjob" value="sun.awt.windows.WPrinterJob"/>
    <property name="sun.os.patch.level" value=""/>
    <property name="java.library.path" value="E:\jdk\jre\bin;C:\Windows\Sun\Java\bin;C:\Windows\system32;C:\Windows;C:\Windows\system32;C:\Windows;C:\Windows\System32\Wbem;C:\Windows\System32\WindowsPowerShell\v1.0\;C:\Windows\System32\OpenSSH\;C:\Program Files (x86)\NVIDIA Corporation\PhysX\Common;E:\jdk\bin;E:\jdk\jre\bin;E:\Program Files\MYsql\mysql-8.0.23-winx64\mysql-8.0.23-winx64\bin;E:\Program Files\apache-maven-3.6.3\bin;C:\Program Files\NVIDIA Corporation\NVIDIA NvDLISR;C:\Users\raino\AppData\Local\Microsoft\WindowsApps;D:\Program Files\Bandizip\;E:\Program Files\Microsoft VS Code\bin;."/>
    <property name="java.vm.info" value="mixed mode"/>
    <property name="java.vendor" value="Oracle Corporation"/>
    <property name="java.vm.version" value="25.271-b09"/>
    <property name="java.ext.dirs" value="E:\jdk\jre\lib\ext;C:\Windows\Sun\Java\lib\ext"/>
    <property name="sun.io.unicode.encoding" value="UnicodeLittle"/>
    <property name="maven.repo.local" value="E:\Program Files\apache-maven-3.6.3\repository"/>
    <property name="java.class.version" value="52.0"/>
  </properties>
  <testcase name="contextLoads" classname="com.liujinshui.DemoErpApplicationTests" time="0.294"/>
</testsuite>